[16-Sep-2022 16:37:27 UTC] PHP Notice:  Undefined property: stdClass::$url in /var/www/Et-k.ru/wp-content/plugins/wordpress-seo/inc/class-addon-manager.php on line 766
[16-Sep-2022 16:37:27 UTC] PHP Notice:  Undefined property: stdClass::$renewalUrl in /var/www/Et-k.ru/wp-content/plugins/wordpress-seo/inc/class-addon-manager.php on line 781
[16-Sep-2022 16:37:27 UTC] PHP Notice:  Undefined property: stdClass::$version in /var/www/Et-k.ru/wp-content/plugins/wordpress-seo/inc/class-addon-manager.php on line 784
[16-Sep-2022 16:37:27 UTC] PHP Notice:  Undefined property: stdClass::$name in /var/www/Et-k.ru/wp-content/plugins/wordpress-seo/inc/class-addon-manager.php on line 785
[16-Sep-2022 16:37:27 UTC] PHP Notice:  Undefined property: stdClass::$lastUpdated in /var/www/Et-k.ru/wp-content/plugins/wordpress-seo/inc/class-addon-manager.php on line 787
[16-Sep-2022 16:37:27 UTC] PHP Notice:  Undefined property: stdClass::$storeUrl in /var/www/Et-k.ru/wp-content/plugins/wordpress-seo/inc/class-addon-manager.php on line 788
[16-Sep-2022 16:37:27 UTC] PHP Notice:  Undefined property: stdClass::$changelog in /var/www/Et-k.ru/wp-content/plugins/wordpress-seo/inc/class-addon-manager.php on line 791
[16-Sep-2022 16:37:27 UTC] PHP Notice:  Undefined property: stdClass::$renewalUrl in /var/www/Et-k.ru/wp-content/plugins/wordpress-seo/inc/class-addon-manager.php on line 781
[16-Sep-2022 16:37:27 UTC] PHP Notice:  Undefined property: stdClass::$version in /var/www/Et-k.ru/wp-content/plugins/wordpress-seo/inc/class-addon-manager.php on line 784
[16-Sep-2022 16:37:27 UTC] PHP Notice:  Undefined property: stdClass::$name in /var/www/Et-k.ru/wp-content/plugins/wordpress-seo/inc/class-addon-manager.php on line 785
[16-Sep-2022 16:37:27 UTC] PHP Notice:  Undefined property: stdClass::$lastUpdated in /var/www/Et-k.ru/wp-content/plugins/wordpress-seo/inc/class-addon-manager.php on line 787
[16-Sep-2022 16:37:27 UTC] PHP Notice:  Undefined property: stdClass::$storeUrl in /var/www/Et-k.ru/wp-content/plugins/wordpress-seo/inc/class-addon-manager.php on line 788
[16-Sep-2022 16:37:27 UTC] PHP Notice:  Undefined property: stdClass::$changelog in /var/www/Et-k.ru/wp-content/plugins/wordpress-seo/inc/class-addon-manager.php on line 791
[16-Sep-2022 16:37:27 UTC] PHP Notice:  Undefined property: stdClass::$renewalUrl in /var/www/Et-k.ru/wp-content/plugins/wordpress-seo/inc/class-addon-manager.php on line 781
[16-Sep-2022 16:37:27 UTC] PHP Notice:  Undefined property: stdClass::$version in /var/www/Et-k.ru/wp-content/plugins/wordpress-seo/inc/class-addon-manager.php on line 784
[16-Sep-2022 16:37:27 UTC] PHP Notice:  Undefined property: stdClass::$name in /var/www/Et-k.ru/wp-content/plugins/wordpress-seo/inc/class-addon-manager.php on line 785
[16-Sep-2022 16:37:27 UTC] PHP Notice:  Undefined property: stdClass::$lastUpdated in /var/www/Et-k.ru/wp-content/plugins/wordpress-seo/inc/class-addon-manager.php on line 787
[16-Sep-2022 16:37:27 UTC] PHP Notice:  Undefined property: stdClass::$storeUrl in /var/www/Et-k.ru/wp-content/plugins/wordpress-seo/inc/class-addon-manager.php on line 788
[16-Sep-2022 16:37:27 UTC] PHP Notice:  Undefined property: stdClass::$changelog in /var/www/Et-k.ru/wp-content/plugins/wordpress-seo/inc/class-addon-manager.php on line 791
[16-Sep-2022 16:37:27 UTC] PHP Notice:  Undefined property: stdClass::$renewalUrl in /var/www/Et-k.ru/wp-content/plugins/wordpress-seo/inc/class-addon-manager.php on line 781
[16-Sep-2022 16:37:27 UTC] PHP Notice:  Undefined property: stdClass::$version in /var/www/Et-k.ru/wp-content/plugins/wordpress-seo/inc/class-addon-manager.php on line 784
[16-Sep-2022 16:37:27 UTC] PHP Notice:  Undefined property: stdClass::$name in /var/www/Et-k.ru/wp-content/plugins/wordpress-seo/inc/class-addon-manager.php on line 785
[16-Sep-2022 16:37:27 UTC] PHP Notice:  Undefined property: stdClass::$lastUpdated in /var/www/Et-k.ru/wp-content/plugins/wordpress-seo/inc/class-addon-manager.php on line 787
[16-Sep-2022 16:37:27 UTC] PHP Notice:  Undefined property: stdClass::$storeUrl in /var/www/Et-k.ru/wp-content/plugins/wordpress-seo/inc/class-addon-manager.php on line 788
[16-Sep-2022 16:37:27 UTC] PHP Notice:  Undefined property: stdClass::$changelog in /var/www/Et-k.ru/wp-content/plugins/wordpress-seo/inc/class-addon-manager.php on line 791
[16-Sep-2022 16:37:27 UTC] PHP Notice:  Undefined property: stdClass::$renewalUrl in /var/www/Et-k.ru/wp-content/plugins/wordpress-seo/inc/class-addon-manager.php on line 781
[16-Sep-2022 16:37:27 UTC] PHP Notice:  Undefined property: stdClass::$version in /var/www/Et-k.ru/wp-content/plugins/wordpress-seo/inc/class-addon-manager.php on line 784
[16-Sep-2022 16:37:27 UTC] PHP Notice:  Undefined property: stdClass::$name in /var/www/Et-k.ru/wp-content/plugins/wordpress-seo/inc/class-addon-manager.php on line 785
[16-Sep-2022 16:37:27 UTC] PHP Notice:  Undefined property: stdClass::$lastUpdated in /var/www/Et-k.ru/wp-content/plugins/wordpress-seo/inc/class-addon-manager.php on line 787
[16-Sep-2022 16:37:27 UTC] PHP Notice:  Undefined property: stdClass::$storeUrl in /var/www/Et-k.ru/wp-content/plugins/wordpress-seo/inc/class-addon-manager.php on line 788
[16-Sep-2022 16:37:27 UTC] PHP Notice:  Undefined property: stdClass::$changelog in /var/www/Et-k.ru/wp-content/plugins/wordpress-seo/inc/class-addon-manager.php on line 791
[16-Sep-2022 16:37:27 UTC] PHP Warning:  Cannot modify header information - headers already sent by (output started at /var/www/Et-k.ru/wp-content/plugins/wordpress-seo/inc/class-addon-manager.php:788) in /var/www/Et-k.ru/wp-admin/admin-header.php on line 9
[16-Sep-2022 16:37:27 UTC] PHP Warning:  Cannot modify header information - headers already sent by (output started at /var/www/Et-k.ru/wp-content/plugins/wordpress-seo/inc/class-addon-manager.php:788) in /var/www/Et-k.ru/wp-includes/option.php on line 1112
[16-Sep-2022 16:37:27 UTC] PHP Warning:  Cannot modify header information - headers already sent by (output started at /var/www/Et-k.ru/wp-content/plugins/wordpress-seo/inc/class-addon-manager.php:788) in /var/www/Et-k.ru/wp-includes/option.php on line 1113
[16-Sep-2022 17:06:21 UTC] PHP Notice:  Undefined variable: req in /var/www/Et-k.ru/wp-content/themes/portfolioTheme/single.php on line 36
[16-Sep-2022 17:06:21 UTC] PHP Notice:  Undefined variable: commenter in /var/www/Et-k.ru/wp-content/themes/portfolioTheme/single.php on line 37
[16-Sep-2022 17:06:21 UTC] PHP Notice:  Undefined variable: aria_req in /var/www/Et-k.ru/wp-content/themes/portfolioTheme/single.php on line 37
[16-Sep-2022 17:06:21 UTC] PHP Notice:  Undefined variable: html_req in /var/www/Et-k.ru/wp-content/themes/portfolioTheme/single.php on line 37
[16-Sep-2022 17:06:21 UTC] PHP Notice:  Undefined variable: req in /var/www/Et-k.ru/wp-content/themes/portfolioTheme/single.php on line 40
[16-Sep-2022 17:06:21 UTC] PHP Notice:  Undefined variable: html5 in /var/www/Et-k.ru/wp-content/themes/portfolioTheme/single.php on line 41
[16-Sep-2022 17:06:21 UTC] PHP Notice:  Undefined variable: commenter in /var/www/Et-k.ru/wp-content/themes/portfolioTheme/single.php on line 41
[16-Sep-2022 17:06:21 UTC] PHP Notice:  Undefined variable: aria_req in /var/www/Et-k.ru/wp-content/themes/portfolioTheme/single.php on line 41
[16-Sep-2022 17:06:21 UTC] PHP Notice:  Undefined variable: html_req in /var/www/Et-k.ru/wp-content/themes/portfolioTheme/single.php on line 41
[16-Sep-2022 17:06:21 UTC] PHP Notice:  Undefined variable: consent in /var/www/Et-k.ru/wp-content/themes/portfolioTheme/single.php on line 44
[16-Sep-2022 17:07:10 UTC] PHP Notice:  Undefined variable: req in /var/www/Et-k.ru/wp-content/themes/portfolioTheme/single.php on line 36
[16-Sep-2022 17:07:10 UTC] PHP Notice:  Undefined variable: commenter in /var/www/Et-k.ru/wp-content/themes/portfolioTheme/single.php on line 37
[16-Sep-2022 17:07:10 UTC] PHP Notice:  Undefined variable: aria_req in /var/www/Et-k.ru/wp-content/themes/portfolioTheme/single.php on line 37
[16-Sep-2022 17:07:10 UTC] PHP Notice:  Undefined variable: html_req in /var/www/Et-k.ru/wp-content/themes/portfolioTheme/single.php on line 37
[16-Sep-2022 17:07:10 UTC] PHP Notice:  Undefined variable: req in /var/www/Et-k.ru/wp-content/themes/portfolioTheme/single.php on line 40
[16-Sep-2022 17:07:10 UTC] PHP Notice:  Undefined variable: html5 in /var/www/Et-k.ru/wp-content/themes/portfolioTheme/single.php on line 41
[16-Sep-2022 17:07:10 UTC] PHP Notice:  Undefined variable: commenter in /var/www/Et-k.ru/wp-content/themes/portfolioTheme/single.php on line 41
[16-Sep-2022 17:07:10 UTC] PHP Notice:  Undefined variable: aria_req in /var/www/Et-k.ru/wp-content/themes/portfolioTheme/single.php on line 41
[16-Sep-2022 17:07:10 UTC] PHP Notice:  Undefined variable: html_req in /var/www/Et-k.ru/wp-content/themes/portfolioTheme/single.php on line 41
[16-Sep-2022 17:07:10 UTC] PHP Notice:  Undefined variable: consent in /var/www/Et-k.ru/wp-content/themes/portfolioTheme/single.php on line 44
[16-Sep-2022 17:07:13 UTC] PHP Notice:  Undefined variable: req in /var/www/Et-k.ru/wp-content/themes/portfolioTheme/single.php on line 36
[16-Sep-2022 17:07:13 UTC] PHP Notice:  Undefined variable: commenter in /var/www/Et-k.ru/wp-content/themes/portfolioTheme/single.php on line 37
[16-Sep-2022 17:07:13 UTC] PHP Notice:  Undefined variable: aria_req in /var/www/Et-k.ru/wp-content/themes/portfolioTheme/single.php on line 37
[16-Sep-2022 17:07:13 UTC] PHP Notice:  Undefined variable: html_req in /var/www/Et-k.ru/wp-content/themes/portfolioTheme/single.php on line 37
[16-Sep-2022 17:07:13 UTC] PHP Notice:  Undefined variable: req in /var/www/Et-k.ru/wp-content/themes/portfolioTheme/single.php on line 40
[16-Sep-2022 17:07:13 UTC] PHP Notice:  Undefined variable: html5 in /var/www/Et-k.ru/wp-content/themes/portfolioTheme/single.php on line 41
[16-Sep-2022 17:07:13 UTC] PHP Notice:  Undefined variable: commenter in /var/www/Et-k.ru/wp-content/themes/portfolioTheme/single.php on line 41
[16-Sep-2022 17:07:13 UTC] PHP Notice:  Undefined variable: aria_req in /var/www/Et-k.ru/wp-content/themes/portfolioTheme/single.php on line 41
[16-Sep-2022 17:07:13 UTC] PHP Notice:  Undefined variable: html_req in /var/www/Et-k.ru/wp-content/themes/portfolioTheme/single.php on line 41
[16-Sep-2022 17:07:13 UTC] PHP Notice:  Undefined variable: consent in /var/www/Et-k.ru/wp-content/themes/portfolioTheme/single.php on line 44
[16-Sep-2022 17:07:16 UTC] PHP Notice:  Undefined variable: req in /var/www/Et-k.ru/wp-content/themes/portfolioTheme/single.php on line 36
[16-Sep-2022 17:07:16 UTC] PHP Notice:  Undefined variable: commenter in /var/www/Et-k.ru/wp-content/themes/portfolioTheme/single.php on line 37
[16-Sep-2022 17:07:16 UTC] PHP Notice:  Undefined variable: aria_req in /var/www/Et-k.ru/wp-content/themes/portfolioTheme/single.php on line 37
[16-Sep-2022 17:07:16 UTC] PHP Notice:  Undefined variable: html_req in /var/www/Et-k.ru/wp-content/themes/portfolioTheme/single.php on line 37
[16-Sep-2022 17:07:16 UTC] PHP Notice:  Undefined variable: req in /var/www/Et-k.ru/wp-content/themes/portfolioTheme/single.php on line 40
[16-Sep-2022 17:07:16 UTC] PHP Notice:  Undefined variable: html5 in /var/www/Et-k.ru/wp-content/themes/portfolioTheme/single.php on line 41
[16-Sep-2022 17:07:16 UTC] PHP Notice:  Undefined variable: commenter in /var/www/Et-k.ru/wp-content/themes/portfolioTheme/single.php on line 41
[16-Sep-2022 17:07:16 UTC] PHP Notice:  Undefined variable: aria_req in /var/www/Et-k.ru/wp-content/themes/portfolioTheme/single.php on line 41
[16-Sep-2022 17:07:16 UTC] PHP Notice:  Undefined variable: html_req in /var/www/Et-k.ru/wp-content/themes/portfolioTheme/single.php on line 41
[16-Sep-2022 17:07:16 UTC] PHP Notice:  Undefined variable: consent in /var/www/Et-k.ru/wp-content/themes/portfolioTheme/single.php on line 44
[16-Sep-2022 17:07:18 UTC] PHP Notice:  Undefined variable: req in /var/www/Et-k.ru/wp-content/themes/portfolioTheme/single.php on line 36
[16-Sep-2022 17:07:18 UTC] PHP Notice:  Undefined variable: commenter in /var/www/Et-k.ru/wp-content/themes/portfolioTheme/single.php on line 37
[16-Sep-2022 17:07:18 UTC] PHP Notice:  Undefined variable: aria_req in /var/www/Et-k.ru/wp-content/themes/portfolioTheme/single.php on line 37
[16-Sep-2022 17:07:18 UTC] PHP Notice:  Undefined variable: html_req in /var/www/Et-k.ru/wp-content/themes/portfolioTheme/single.php on line 37
[16-Sep-2022 17:07:18 UTC] PHP Notice:  Undefined variable: req in /var/www/Et-k.ru/wp-content/themes/portfolioTheme/single.php on line 40
[16-Sep-2022 17:07:18 UTC] PHP Notice:  Undefined variable: html5 in /var/www/Et-k.ru/wp-content/themes/portfolioTheme/single.php on line 41
[16-Sep-2022 17:07:18 UTC] PHP Notice:  Undefined variable: commenter in /var/www/Et-k.ru/wp-content/themes/portfolioTheme/single.php on line 41
[16-Sep-2022 17:07:18 UTC] PHP Notice:  Undefined variable: aria_req in /var/www/Et-k.ru/wp-content/themes/portfolioTheme/single.php on line 41
[16-Sep-2022 17:07:18 UTC] PHP Notice:  Undefined variable: html_req in /var/www/Et-k.ru/wp-content/themes/portfolioTheme/single.php on line 41
[16-Sep-2022 17:07:18 UTC] PHP Notice:  Undefined variable: consent in /var/www/Et-k.ru/wp-content/themes/portfolioTheme/single.php on line 44
[16-Sep-2022 17:07:29 UTC] PHP Notice:  Undefined variable: req in /var/www/Et-k.ru/wp-content/themes/portfolioTheme/single.php on line 36
[16-Sep-2022 17:07:29 UTC] PHP Notice:  Undefined variable: commenter in /var/www/Et-k.ru/wp-content/themes/portfolioTheme/single.php on line 37
[16-Sep-2022 17:07:29 UTC] PHP Notice:  Undefined variable: aria_req in /var/www/Et-k.ru/wp-content/themes/portfolioTheme/single.php on line 37
[16-Sep-2022 17:07:29 UTC] PHP Notice:  Undefined variable: html_req in /var/www/Et-k.ru/wp-content/themes/portfolioTheme/single.php on line 37
[16-Sep-2022 17:07:29 UTC] PHP Notice:  Undefined variable: req in /var/www/Et-k.ru/wp-content/themes/portfolioTheme/single.php on line 40
[16-Sep-2022 17:07:29 UTC] PHP Notice:  Undefined variable: html5 in /var/www/Et-k.ru/wp-content/themes/portfolioTheme/single.php on line 41
[16-Sep-2022 17:07:29 UTC] PHP Notice:  Undefined variable: commenter in /var/www/Et-k.ru/wp-content/themes/portfolioTheme/single.php on line 41
[16-Sep-2022 17:07:29 UTC] PHP Notice:  Undefined variable: aria_req in /var/www/Et-k.ru/wp-content/themes/portfolioTheme/single.php on line 41
[16-Sep-2022 17:07:29 UTC] PHP Notice:  Undefined variable: html_req in /var/www/Et-k.ru/wp-content/themes/portfolioTheme/single.php on line 41
[16-Sep-2022 17:07:29 UTC] PHP Notice:  Undefined variable: consent in /var/www/Et-k.ru/wp-content/themes/portfolioTheme/single.php on line 44
[16-Sep-2022 17:07:31 UTC] PHP Notice:  Undefined variable: req in /var/www/Et-k.ru/wp-content/themes/portfolioTheme/single.php on line 36
[16-Sep-2022 17:07:31 UTC] PHP Notice:  Undefined variable: commenter in /var/www/Et-k.ru/wp-content/themes/portfolioTheme/single.php on line 37
[16-Sep-2022 17:07:31 UTC] PHP Notice:  Undefined variable: aria_req in /var/www/Et-k.ru/wp-content/themes/portfolioTheme/single.php on line 37
[16-Sep-2022 17:07:31 UTC] PHP Notice:  Undefined variable: html_req in /var/www/Et-k.ru/wp-content/themes/portfolioTheme/single.php on line 37
[16-Sep-2022 17:07:31 UTC] PHP Notice:  Undefined variable: req in /var/www/Et-k.ru/wp-content/themes/portfolioTheme/single.php on line 40
[16-Sep-2022 17:07:31 UTC] PHP Notice:  Undefined variable: html5 in /var/www/Et-k.ru/wp-content/themes/portfolioTheme/single.php on line 41
[16-Sep-2022 17:07:31 UTC] PHP Notice:  Undefined variable: commenter in /var/www/Et-k.ru/wp-content/themes/portfolioTheme/single.php on line 41
[16-Sep-2022 17:07:31 UTC] PHP Notice:  Undefined variable: aria_req in /var/www/Et-k.ru/wp-content/themes/portfolioTheme/single.php on line 41
[16-Sep-2022 17:07:31 UTC] PHP Notice:  Undefined variable: html_req in /var/www/Et-k.ru/wp-content/themes/portfolioTheme/single.php on line 41
[16-Sep-2022 17:07:31 UTC] PHP Notice:  Undefined variable: consent in /var/www/Et-k.ru/wp-content/themes/portfolioTheme/single.php on line 44
[16-Sep-2022 17:08:42 UTC] PHP Notice:  Undefined variable: req in /var/www/Et-k.ru/wp-content/themes/portfolioTheme/single.php on line 36
[16-Sep-2022 17:08:42 UTC] PHP Notice:  Undefined variable: commenter in /var/www/Et-k.ru/wp-content/themes/portfolioTheme/single.php on line 37
[16-Sep-2022 17:08:42 UTC] PHP Notice:  Undefined variable: aria_req in /var/www/Et-k.ru/wp-content/themes/portfolioTheme/single.php on line 37
[16-Sep-2022 17:08:42 UTC] PHP Notice:  Undefined variable: html_req in /var/www/Et-k.ru/wp-content/themes/portfolioTheme/single.php on line 37
[16-Sep-2022 17:08:42 UTC] PHP Notice:  Undefined variable: req in /var/www/Et-k.ru/wp-content/themes/portfolioTheme/single.php on line 40
[16-Sep-2022 17:08:42 UTC] PHP Notice:  Undefined variable: html5 in /var/www/Et-k.ru/wp-content/themes/portfolioTheme/single.php on line 41
[16-Sep-2022 17:08:42 UTC] PHP Notice:  Undefined variable: commenter in /var/www/Et-k.ru/wp-content/themes/portfolioTheme/single.php on line 41
[16-Sep-2022 17:08:42 UTC] PHP Notice:  Undefined variable: aria_req in /var/www/Et-k.ru/wp-content/themes/portfolioTheme/single.php on line 41
[16-Sep-2022 17:08:42 UTC] PHP Notice:  Undefined variable: html_req in /var/www/Et-k.ru/wp-content/themes/portfolioTheme/single.php on line 41
[16-Sep-2022 17:08:42 UTC] PHP Notice:  Undefined variable: consent in /var/www/Et-k.ru/wp-content/themes/portfolioTheme/single.php on line 44
[16-Sep-2022 17:11:58 UTC] PHP Notice:  Undefined variable: req in /var/www/Et-k.ru/wp-content/themes/portfolioTheme/single.php on line 36
[16-Sep-2022 17:11:58 UTC] PHP Notice:  Undefined variable: commenter in /var/www/Et-k.ru/wp-content/themes/portfolioTheme/single.php on line 37
[16-Sep-2022 17:11:58 UTC] PHP Notice:  Undefined variable: aria_req in /var/www/Et-k.ru/wp-content/themes/portfolioTheme/single.php on line 37
[16-Sep-2022 17:11:58 UTC] PHP Notice:  Undefined variable: html_req in /var/www/Et-k.ru/wp-content/themes/portfolioTheme/single.php on line 37
[16-Sep-2022 17:11:58 UTC] PHP Notice:  Undefined variable: req in /var/www/Et-k.ru/wp-content/themes/portfolioTheme/single.php on line 40
[16-Sep-2022 17:11:58 UTC] PHP Notice:  Undefined variable: html5 in /var/www/Et-k.ru/wp-content/themes/portfolioTheme/single.php on line 41
[16-Sep-2022 17:11:58 UTC] PHP Notice:  Undefined variable: commenter in /var/www/Et-k.ru/wp-content/themes/portfolioTheme/single.php on line 41
[16-Sep-2022 17:11:58 UTC] PHP Notice:  Undefined variable: aria_req in /var/www/Et-k.ru/wp-content/themes/portfolioTheme/single.php on line 41
[16-Sep-2022 17:11:58 UTC] PHP Notice:  Undefined variable: html_req in /var/www/Et-k.ru/wp-content/themes/portfolioTheme/single.php on line 41
[16-Sep-2022 17:11:58 UTC] PHP Notice:  Undefined variable: consent in /var/www/Et-k.ru/wp-content/themes/portfolioTheme/single.php on line 44
[16-Sep-2022 17:12:22 UTC] PHP Notice:  Undefined variable: req in /var/www/Et-k.ru/wp-content/themes/portfolioTheme/single.php on line 36
[16-Sep-2022 17:12:22 UTC] PHP Notice:  Undefined variable: commenter in /var/www/Et-k.ru/wp-content/themes/portfolioTheme/single.php on line 37
[16-Sep-2022 17:12:22 UTC] PHP Notice:  Undefined variable: aria_req in /var/www/Et-k.ru/wp-content/themes/portfolioTheme/single.php on line 37
[16-Sep-2022 17:12:22 UTC] PHP Notice:  Undefined variable: html_req in /var/www/Et-k.ru/wp-content/themes/portfolioTheme/single.php on line 37
[16-Sep-2022 17:12:22 UTC] PHP Notice:  Undefined variable: req in /var/www/Et-k.ru/wp-content/themes/portfolioTheme/single.php on line 40
[16-Sep-2022 17:12:22 UTC] PHP Notice:  Undefined variable: html5 in /var/www/Et-k.ru/wp-content/themes/portfolioTheme/single.php on line 41
[16-Sep-2022 17:12:22 UTC] PHP Notice:  Undefined variable: commenter in /var/www/Et-k.ru/wp-content/themes/portfolioTheme/single.php on line 41
[16-Sep-2022 17:12:22 UTC] PHP Notice:  Undefined variable: aria_req in /var/www/Et-k.ru/wp-content/themes/portfolioTheme/single.php on line 41
[16-Sep-2022 17:12:22 UTC] PHP Notice:  Undefined variable: html_req in /var/www/Et-k.ru/wp-content/themes/portfolioTheme/single.php on line 41
[16-Sep-2022 17:12:22 UTC] PHP Notice:  Undefined variable: consent in /var/www/Et-k.ru/wp-content/themes/portfolioTheme/single.php on line 44
[16-Sep-2022 17:17:20 UTC] PHP Notice:  Undefined variable: commenter in /var/www/Et-k.ru/wp-content/themes/portfolioTheme/single.php on line 39
[16-Sep-2022 17:17:20 UTC] PHP Notice:  Undefined variable: aria_req in /var/www/Et-k.ru/wp-content/themes/portfolioTheme/single.php on line 39
[16-Sep-2022 17:17:20 UTC] PHP Notice:  Undefined variable: html_req in /var/www/Et-k.ru/wp-content/themes/portfolioTheme/single.php on line 39
[16-Sep-2022 17:17:20 UTC] PHP Notice:  Undefined variable: html5 in /var/www/Et-k.ru/wp-content/themes/portfolioTheme/single.php on line 43
[16-Sep-2022 17:17:20 UTC] PHP Notice:  Undefined variable: commenter in /var/www/Et-k.ru/wp-content/themes/portfolioTheme/single.php on line 43
[16-Sep-2022 17:17:20 UTC] PHP Notice:  Undefined variable: aria_req in /var/www/Et-k.ru/wp-content/themes/portfolioTheme/single.php on line 43
[16-Sep-2022 17:17:20 UTC] PHP Notice:  Undefined variable: html_req in /var/www/Et-k.ru/wp-content/themes/portfolioTheme/single.php on line 43
[16-Sep-2022 17:17:20 UTC] PHP Notice:  Undefined variable: consent in /var/www/Et-k.ru/wp-content/themes/portfolioTheme/single.php on line 46
[16-Sep-2022 17:17:34 UTC] PHP Notice:  Undefined variable: commenter in /var/www/Et-k.ru/wp-content/themes/portfolioTheme/single.php on line 39
[16-Sep-2022 17:17:34 UTC] PHP Notice:  Undefined variable: aria_req in /var/www/Et-k.ru/wp-content/themes/portfolioTheme/single.php on line 39
[16-Sep-2022 17:17:34 UTC] PHP Notice:  Undefined variable: html_req in /var/www/Et-k.ru/wp-content/themes/portfolioTheme/single.php on line 39
[16-Sep-2022 17:17:34 UTC] PHP Notice:  Undefined variable: html5 in /var/www/Et-k.ru/wp-content/themes/portfolioTheme/single.php on line 43
[16-Sep-2022 17:17:34 UTC] PHP Notice:  Undefined variable: commenter in /var/www/Et-k.ru/wp-content/themes/portfolioTheme/single.php on line 43
[16-Sep-2022 17:17:34 UTC] PHP Notice:  Undefined variable: aria_req in /var/www/Et-k.ru/wp-content/themes/portfolioTheme/single.php on line 43
[16-Sep-2022 17:17:34 UTC] PHP Notice:  Undefined variable: html_req in /var/www/Et-k.ru/wp-content/themes/portfolioTheme/single.php on line 43
[16-Sep-2022 17:17:34 UTC] PHP Notice:  Undefined variable: consent in /var/www/Et-k.ru/wp-content/themes/portfolioTheme/single.php on line 46
[16-Sep-2022 17:18:05 UTC] PHP Notice:  Undefined variable: commenter in /var/www/Et-k.ru/wp-content/themes/portfolioTheme/single.php on line 39
[16-Sep-2022 17:18:05 UTC] PHP Notice:  Undefined variable: aria_req in /var/www/Et-k.ru/wp-content/themes/portfolioTheme/single.php on line 39
[16-Sep-2022 17:18:05 UTC] PHP Notice:  Undefined variable: html_req in /var/www/Et-k.ru/wp-content/themes/portfolioTheme/single.php on line 39
[16-Sep-2022 17:18:05 UTC] PHP Notice:  Undefined variable: html5 in /var/www/Et-k.ru/wp-content/themes/portfolioTheme/single.php on line 43
[16-Sep-2022 17:18:05 UTC] PHP Notice:  Undefined variable: commenter in /var/www/Et-k.ru/wp-content/themes/portfolioTheme/single.php on line 43
[16-Sep-2022 17:18:05 UTC] PHP Notice:  Undefined variable: aria_req in /var/www/Et-k.ru/wp-content/themes/portfolioTheme/single.php on line 43
[16-Sep-2022 17:18:05 UTC] PHP Notice:  Undefined variable: html_req in /var/www/Et-k.ru/wp-content/themes/portfolioTheme/single.php on line 43
[16-Sep-2022 17:18:05 UTC] PHP Notice:  Undefined variable: consent in /var/www/Et-k.ru/wp-content/themes/portfolioTheme/single.php on line 46
[16-Sep-2022 17:22:22 UTC] PHP Notice:  Undefined variable: aria_req in /var/www/Et-k.ru/wp-content/themes/portfolioTheme/single.php on line 41
[16-Sep-2022 17:22:22 UTC] PHP Notice:  Undefined variable: html_req in /var/www/Et-k.ru/wp-content/themes/portfolioTheme/single.php on line 41
[16-Sep-2022 17:22:22 UTC] PHP Notice:  Undefined variable: html5 in /var/www/Et-k.ru/wp-content/themes/portfolioTheme/single.php on line 45
[16-Sep-2022 17:22:22 UTC] PHP Notice:  Undefined variable: aria_req in /var/www/Et-k.ru/wp-content/themes/portfolioTheme/single.php on line 45
[16-Sep-2022 17:22:22 UTC] PHP Notice:  Undefined variable: html_req in /var/www/Et-k.ru/wp-content/themes/portfolioTheme/single.php on line 45
[16-Sep-2022 17:22:22 UTC] PHP Notice:  Undefined variable: consent in /var/www/Et-k.ru/wp-content/themes/portfolioTheme/single.php on line 48
[16-Sep-2022 17:22:45 UTC] PHP Notice:  Undefined variable: html_req in /var/www/Et-k.ru/wp-content/themes/portfolioTheme/single.php on line 41
[16-Sep-2022 17:22:45 UTC] PHP Notice:  Undefined variable: html5 in /var/www/Et-k.ru/wp-content/themes/portfolioTheme/single.php on line 45
[16-Sep-2022 17:22:45 UTC] PHP Notice:  Undefined variable: html_req in /var/www/Et-k.ru/wp-content/themes/portfolioTheme/single.php on line 45
[16-Sep-2022 17:22:45 UTC] PHP Notice:  Undefined variable: consent in /var/www/Et-k.ru/wp-content/themes/portfolioTheme/single.php on line 48
[19-Sep-2022 08:22:19 UTC] PHP Notice:  Undefined property: stdClass::$url in /var/www/Et-k.ru/wp-content/plugins/wordpress-seo/inc/class-addon-manager.php on line 766
[19-Sep-2022 08:22:19 UTC] PHP Notice:  Undefined property: stdClass::$renewalUrl in /var/www/Et-k.ru/wp-content/plugins/wordpress-seo/inc/class-addon-manager.php on line 781
[19-Sep-2022 08:22:19 UTC] PHP Notice:  Undefined property: stdClass::$version in /var/www/Et-k.ru/wp-content/plugins/wordpress-seo/inc/class-addon-manager.php on line 784
[19-Sep-2022 08:22:19 UTC] PHP Notice:  Undefined property: stdClass::$name in /var/www/Et-k.ru/wp-content/plugins/wordpress-seo/inc/class-addon-manager.php on line 785
[19-Sep-2022 08:22:19 UTC] PHP Notice:  Undefined property: stdClass::$lastUpdated in /var/www/Et-k.ru/wp-content/plugins/wordpress-seo/inc/class-addon-manager.php on line 787
[19-Sep-2022 08:22:19 UTC] PHP Notice:  Undefined property: stdClass::$storeUrl in /var/www/Et-k.ru/wp-content/plugins/wordpress-seo/inc/class-addon-manager.php on line 788
[19-Sep-2022 08:22:19 UTC] PHP Notice:  Undefined property: stdClass::$changelog in /var/www/Et-k.ru/wp-content/plugins/wordpress-seo/inc/class-addon-manager.php on line 791
[19-Sep-2022 08:22:19 UTC] PHP Notice:  Undefined property: stdClass::$renewalUrl in /var/www/Et-k.ru/wp-content/plugins/wordpress-seo/inc/class-addon-manager.php on line 781
[19-Sep-2022 08:22:19 UTC] PHP Notice:  Undefined property: stdClass::$version in /var/www/Et-k.ru/wp-content/plugins/wordpress-seo/inc/class-addon-manager.php on line 784
[19-Sep-2022 08:22:19 UTC] PHP Notice:  Undefined property: stdClass::$name in /var/www/Et-k.ru/wp-content/plugins/wordpress-seo/inc/class-addon-manager.php on line 785
[19-Sep-2022 08:22:19 UTC] PHP Notice:  Undefined property: stdClass::$lastUpdated in /var/www/Et-k.ru/wp-content/plugins/wordpress-seo/inc/class-addon-manager.php on line 787
[19-Sep-2022 08:22:19 UTC] PHP Notice:  Undefined property: stdClass::$storeUrl in /var/www/Et-k.ru/wp-content/plugins/wordpress-seo/inc/class-addon-manager.php on line 788
[19-Sep-2022 08:22:19 UTC] PHP Notice:  Undefined property: stdClass::$changelog in /var/www/Et-k.ru/wp-content/plugins/wordpress-seo/inc/class-addon-manager.php on line 791
[19-Sep-2022 08:22:19 UTC] PHP Notice:  Undefined property: stdClass::$renewalUrl in /var/www/Et-k.ru/wp-content/plugins/wordpress-seo/inc/class-addon-manager.php on line 781
[19-Sep-2022 08:22:19 UTC] PHP Notice:  Undefined property: stdClass::$version in /var/www/Et-k.ru/wp-content/plugins/wordpress-seo/inc/class-addon-manager.php on line 784
[19-Sep-2022 08:22:19 UTC] PHP Notice:  Undefined property: stdClass::$name in /var/www/Et-k.ru/wp-content/plugins/wordpress-seo/inc/class-addon-manager.php on line 785
[19-Sep-2022 08:22:19 UTC] PHP Notice:  Undefined property: stdClass::$lastUpdated in /var/www/Et-k.ru/wp-content/plugins/wordpress-seo/inc/class-addon-manager.php on line 787
[19-Sep-2022 08:22:19 UTC] PHP Notice:  Undefined property: stdClass::$storeUrl in /var/www/Et-k.ru/wp-content/plugins/wordpress-seo/inc/class-addon-manager.php on line 788
[19-Sep-2022 08:22:19 UTC] PHP Notice:  Undefined property: stdClass::$changelog in /var/www/Et-k.ru/wp-content/plugins/wordpress-seo/inc/class-addon-manager.php on line 791
[19-Sep-2022 08:22:19 UTC] PHP Notice:  Undefined property: stdClass::$renewalUrl in /var/www/Et-k.ru/wp-content/plugins/wordpress-seo/inc/class-addon-manager.php on line 781
[19-Sep-2022 08:22:19 UTC] PHP Notice:  Undefined property: stdClass::$version in /var/www/Et-k.ru/wp-content/plugins/wordpress-seo/inc/class-addon-manager.php on line 784
[19-Sep-2022 08:22:19 UTC] PHP Notice:  Undefined property: stdClass::$name in /var/www/Et-k.ru/wp-content/plugins/wordpress-seo/inc/class-addon-manager.php on line 785
[19-Sep-2022 08:22:19 UTC] PHP Notice:  Undefined property: stdClass::$lastUpdated in /var/www/Et-k.ru/wp-content/plugins/wordpress-seo/inc/class-addon-manager.php on line 787
[19-Sep-2022 08:22:19 UTC] PHP Notice:  Undefined property: stdClass::$storeUrl in /var/www/Et-k.ru/wp-content/plugins/wordpress-seo/inc/class-addon-manager.php on line 788
[19-Sep-2022 08:22:19 UTC] PHP Notice:  Undefined property: stdClass::$changelog in /var/www/Et-k.ru/wp-content/plugins/wordpress-seo/inc/class-addon-manager.php on line 791
[19-Sep-2022 08:22:19 UTC] PHP Notice:  Undefined property: stdClass::$renewalUrl in /var/www/Et-k.ru/wp-content/plugins/wordpress-seo/inc/class-addon-manager.php on line 781
[19-Sep-2022 08:22:19 UTC] PHP Notice:  Undefined property: stdClass::$version in /var/www/Et-k.ru/wp-content/plugins/wordpress-seo/inc/class-addon-manager.php on line 784
[19-Sep-2022 08:22:19 UTC] PHP Notice:  Undefined property: stdClass::$name in /var/www/Et-k.ru/wp-content/plugins/wordpress-seo/inc/class-addon-manager.php on line 785
[19-Sep-2022 08:22:19 UTC] PHP Notice:  Undefined property: stdClass::$lastUpdated in /var/www/Et-k.ru/wp-content/plugins/wordpress-seo/inc/class-addon-manager.php on line 787
[19-Sep-2022 08:22:19 UTC] PHP Notice:  Undefined property: stdClass::$storeUrl in /var/www/Et-k.ru/wp-content/plugins/wordpress-seo/inc/class-addon-manager.php on line 788
[19-Sep-2022 08:22:19 UTC] PHP Notice:  Undefined property: stdClass::$changelog in /var/www/Et-k.ru/wp-content/plugins/wordpress-seo/inc/class-addon-manager.php on line 791
[19-Sep-2022 08:22:21 UTC] PHP Warning:  Cannot modify header information - headers already sent by (output started at /var/www/Et-k.ru/wp-content/plugins/wordpress-seo/inc/class-addon-manager.php:788) in /var/www/Et-k.ru/wp-admin/includes/misc.php on line 1381
[19-Sep-2022 08:22:21 UTC] PHP Warning:  Cannot modify header information - headers already sent by (output started at /var/www/Et-k.ru/wp-content/plugins/wordpress-seo/inc/class-addon-manager.php:788) in /var/www/Et-k.ru/wp-includes/functions.php on line 6878
[19-Sep-2022 08:22:21 UTC] PHP Warning:  Cannot modify header information - headers already sent by (output started at /var/www/Et-k.ru/wp-content/plugins/wordpress-seo/inc/class-addon-manager.php:788) in /var/www/Et-k.ru/wp-admin/admin-header.php on line 9
[19-Sep-2022 08:23:21 UTC] PHP Notice:  Undefined property: stdClass::$url in /var/www/Et-k.ru/wp-content/plugins/wordpress-seo/inc/class-addon-manager.php on line 766
[19-Sep-2022 08:23:21 UTC] PHP Notice:  Undefined property: stdClass::$renewalUrl in /var/www/Et-k.ru/wp-content/plugins/wordpress-seo/inc/class-addon-manager.php on line 781
[19-Sep-2022 08:23:21 UTC] PHP Notice:  Undefined property: stdClass::$version in /var/www/Et-k.ru/wp-content/plugins/wordpress-seo/inc/class-addon-manager.php on line 784
[19-Sep-2022 08:23:21 UTC] PHP Notice:  Undefined property: stdClass::$name in /var/www/Et-k.ru/wp-content/plugins/wordpress-seo/inc/class-addon-manager.php on line 785
[19-Sep-2022 08:23:21 UTC] PHP Notice:  Undefined property: stdClass::$lastUpdated in /var/www/Et-k.ru/wp-content/plugins/wordpress-seo/inc/class-addon-manager.php on line 787
[19-Sep-2022 08:23:21 UTC] PHP Notice:  Undefined property: stdClass::$storeUrl in /var/www/Et-k.ru/wp-content/plugins/wordpress-seo/inc/class-addon-manager.php on line 788
[19-Sep-2022 08:23:21 UTC] PHP Notice:  Undefined property: stdClass::$changelog in /var/www/Et-k.ru/wp-content/plugins/wordpress-seo/inc/class-addon-manager.php on line 791
[19-Sep-2022 08:23:21 UTC] PHP Notice:  Undefined property: stdClass::$renewalUrl in /var/www/Et-k.ru/wp-content/plugins/wordpress-seo/inc/class-addon-manager.php on line 781
[19-Sep-2022 08:23:21 UTC] PHP Notice:  Undefined property: stdClass::$version in /var/www/Et-k.ru/wp-content/plugins/wordpress-seo/inc/class-addon-manager.php on line 784
[19-Sep-2022 08:23:21 UTC] PHP Notice:  Undefined property: stdClass::$name in /var/www/Et-k.ru/wp-content/plugins/wordpress-seo/inc/class-addon-manager.php on line 785
[19-Sep-2022 08:23:21 UTC] PHP Notice:  Undefined property: stdClass::$lastUpdated in /var/www/Et-k.ru/wp-content/plugins/wordpress-seo/inc/class-addon-manager.php on line 787
[19-Sep-2022 08:23:21 UTC] PHP Notice:  Undefined property: stdClass::$storeUrl in /var/www/Et-k.ru/wp-content/plugins/wordpress-seo/inc/class-addon-manager.php on line 788
[19-Sep-2022 08:23:21 UTC] PHP Notice:  Undefined property: stdClass::$changelog in /var/www/Et-k.ru/wp-content/plugins/wordpress-seo/inc/class-addon-manager.php on line 791
[19-Sep-2022 08:23:21 UTC] PHP Notice:  Undefined property: stdClass::$renewalUrl in /var/www/Et-k.ru/wp-content/plugins/wordpress-seo/inc/class-addon-manager.php on line 781
[19-Sep-2022 08:23:21 UTC] PHP Notice:  Undefined property: stdClass::$version in /var/www/Et-k.ru/wp-content/plugins/wordpress-seo/inc/class-addon-manager.php on line 784
[19-Sep-2022 08:23:21 UTC] PHP Notice:  Undefined property: stdClass::$name in /var/www/Et-k.ru/wp-content/plugins/wordpress-seo/inc/class-addon-manager.php on line 785
[19-Sep-2022 08:23:21 UTC] PHP Notice:  Undefined property: stdClass::$lastUpdated in /var/www/Et-k.ru/wp-content/plugins/wordpress-seo/inc/class-addon-manager.php on line 787
[19-Sep-2022 08:23:21 UTC] PHP Notice:  Undefined property: stdClass::$storeUrl in /var/www/Et-k.ru/wp-content/plugins/wordpress-seo/inc/class-addon-manager.php on line 788
[19-Sep-2022 08:23:21 UTC] PHP Notice:  Undefined property: stdClass::$changelog in /var/www/Et-k.ru/wp-content/plugins/wordpress-seo/inc/class-addon-manager.php on line 791
[19-Sep-2022 08:23:21 UTC] PHP Notice:  Undefined property: stdClass::$renewalUrl in /var/www/Et-k.ru/wp-content/plugins/wordpress-seo/inc/class-addon-manager.php on line 781
[19-Sep-2022 08:23:21 UTC] PHP Notice:  Undefined property: stdClass::$version in /var/www/Et-k.ru/wp-content/plugins/wordpress-seo/inc/class-addon-manager.php on line 784
[19-Sep-2022 08:23:21 UTC] PHP Notice:  Undefined property: stdClass::$name in /var/www/Et-k.ru/wp-content/plugins/wordpress-seo/inc/class-addon-manager.php on line 785
[19-Sep-2022 08:23:21 UTC] PHP Notice:  Undefined property: stdClass::$lastUpdated in /var/www/Et-k.ru/wp-content/plugins/wordpress-seo/inc/class-addon-manager.php on line 787
[19-Sep-2022 08:23:21 UTC] PHP Notice:  Undefined property: stdClass::$storeUrl in /var/www/Et-k.ru/wp-content/plugins/wordpress-seo/inc/class-addon-manager.php on line 788
[19-Sep-2022 08:23:21 UTC] PHP Notice:  Undefined property: stdClass::$changelog in /var/www/Et-k.ru/wp-content/plugins/wordpress-seo/inc/class-addon-manager.php on line 791
[19-Sep-2022 08:23:21 UTC] PHP Notice:  Undefined property: stdClass::$renewalUrl in /var/www/Et-k.ru/wp-content/plugins/wordpress-seo/inc/class-addon-manager.php on line 781
[19-Sep-2022 08:23:21 UTC] PHP Notice:  Undefined property: stdClass::$version in /var/www/Et-k.ru/wp-content/plugins/wordpress-seo/inc/class-addon-manager.php on line 784
[19-Sep-2022 08:23:21 UTC] PHP Notice:  Undefined property: stdClass::$name in /var/www/Et-k.ru/wp-content/plugins/wordpress-seo/inc/class-addon-manager.php on line 785
[19-Sep-2022 08:23:21 UTC] PHP Notice:  Undefined property: stdClass::$lastUpdated in /var/www/Et-k.ru/wp-content/plugins/wordpress-seo/inc/class-addon-manager.php on line 787
[19-Sep-2022 08:23:21 UTC] PHP Notice:  Undefined property: stdClass::$storeUrl in /var/www/Et-k.ru/wp-content/plugins/wordpress-seo/inc/class-addon-manager.php on line 788
[19-Sep-2022 08:23:21 UTC] PHP Notice:  Undefined property: stdClass::$changelog in /var/www/Et-k.ru/wp-content/plugins/wordpress-seo/inc/class-addon-manager.php on line 791
[19-Sep-2022 08:23:21 UTC] PHP Warning:  Cannot modify header information - headers already sent by (output started at /var/www/Et-k.ru/wp-content/plugins/wordpress-seo/inc/class-addon-manager.php:788) in /var/www/Et-k.ru/wp-admin/admin-header.php on line 9
